{
  "RSpec": {
    "coverage": {
      "/Users/Sara/rails_projects/trial/app/controllers/application_controller.rb": [
        1,
        1,
        1,
        null
      ],
      "/Users/Sara/rails_projects/trial/app/helpers/application_helper.rb": [
        1,
        1,
        12,
        12,
        1,
        null,
        11,
        null,
        null,
        null,
        null
      ],
      "/Users/Sara/rails_projects/trial/app/helpers/blogs_helper.rb": [
        1,
        null,
        null,
        null
      ],
      "/Users/Sara/rails_projects/trial/app/helpers/sessions_helper.rb": [
        1,
        1,
        0,
        0,
        null,
        null,
        1,
        0,
        null,
        null,
        1,
        24,
        null,
        null,
        1,
        12,
        null,
        null,
        1,
        0,
        0,
        null,
        null,
        null
      ],
      "/Users/Sara/rails_projects/trial/app/helpers/users_helper.rb": [
        1,
        null,
        1,
        0,
        0,
        0,
        null,
        null
      ],
      "/Users/Sara/rails_projects/trial/app/controllers/blogs_controller.rb": [
        1,
        1,
        null,
        null,
        1,
        null,
        null,
        1,
        null,
        null,
        1,
        0,
        null,
        null,
        null,
        1,
        null,
        null,
        null
      ],
      "/Users/Sara/rails_projects/trial/app/controllers/sessions_controller.rb": [
        1,
        null,
        1,
        null,
        null,
        null,
        1,
        3,
        3,
        0,
        0,
        null,
        3,
        3,
        null,
        null,
        null,
        1,
        0,
        0,
        null,
        null
      ],
      "/Users/Sara/rails_projects/trial/app/controllers/users_controller.rb": [
        1,
        null,
        1,
        0,
        null,
        null,
        1,
        0,
        null,
        null,
        1,
        0,
        0,
        0,
        0,
        0,
        null,
        0,
        null,
        null,
        null,
        null
      ],
      "/Users/Sara/rails_projects/trial/app/models/user.rb": [
        1,
        1,
        1,
        4,
        1,
        null,
        null,
        1,
        1,
        1,
        1,
        1,
        null,
        1,
        1,
        3,
        null,
        null
      ]
    },
    "timestamp": 1438439370
  }
}
